<?xml version="1.0" encoding="UTF-8"?>
<!-- Generated by org.testng.reporters.JUnitReportReporter -->
<testsuite hostname="LF-00002623" failures="0" tests="1" name="testProject.LoginPageTest" time="8.613" errors="0" timestamp="2024-02-27T12:08:08 IST" skipped="0">
  <testcase classname="testProject.LoginPageTest" name="verifyUserDataInTable1" time="8.613"/>
  <system-out/>
</testsuite> <!-- testProject.LoginPageTest -->
